1576190627031,0000,0000,1,0
1576190628109,0000,0000,10,-1
1576190628119,0000,0000,14,-3
1576190628125,0000,0000,17,-3
1576190628136,0000,0000,18,-4
1576190628140,0000,0000,22,-4
1576190628151,0000,0000,24,-5
1576190628161,0000,0000,23,-5
1576190628165,0000,0000,25,-8
1576190628175,0000,0000,24,-9
1576190628182,0000,0000,25,-10
1576190628191,0000,0000,22,-9
1576190628201,0000,0000,22,-7
1576190628205,0000,0000,21,-8
1576190628215,0000,0000,20,-8
1576190628221,0000,0000,19,-10
1576190628231,0000,0000,21,-9
1576190628241,0000,0000,22,-8
1576190628245,0000,0000,21,-7
1576190628255,0000,0000,20,-6
1576190628261,0000,0000,16,-3
1576190628271,0000,0000,10,-2
1576190628281,0000,0000,5,0
1576190628288,0000,0000,4,0
1576190628297,0000,0000,2,0
1576190628301,0000,0000,1,1
1576190628311,0000,0000,1,0
1576190628321,0000,0000,0,1
1576190628337,0000,0000,0,2
1576190628341,0000,0000,0,3
1576190628351,0000,0000,-1,5
1576190628361,0000,0000,0,6
1576190628367,0000,0000,0,6
1576190628377,0000,0000,0,5
1576190628383,0000,0000,-1,3
1576190628393,0000,0000,-1,2
1576190628403,0000,0000,-1,1
1576190628407,0000,0000,-2,1
1576190628417,0000,0000,-1,0
1576190628423,0000,0000,-2,0
1576190628433,0000,0000,-3,0
1576190628443,0000,0000,-3,0
1576190628447,0000,0000,-3,0
1576190628457,0000,0000,-4,0
1576190628463,0000,0000,-7,-1
1576190628473,0000,0000,-7,-2
1576190628483,0000,0000,-8,0
1576190628487,0000,0000,-7,-1
1576190628499,0000,0000,-7,0
1576190628503,0000,0000,-7,0
1576190628513,0000,0000,-8,0
1576190628523,0000,0000,-7,0
1576190628529,0000,0000,-5,0
1576190628539,0000,0000,-4,0
1576190628543,0000,0000,-3,-1
1576190628553,0000,0000,-2,-1
1576190628563,0000,0000,-1,0
1576190628569,0000,0000,-1,0
1576190628579,0000,0000,-1,0
1576190628593,0000,0000,-1,0
1576190628619,0000,0000,-1,0
1576190628635,0000,0000,-1,0
1576190628705,0001,0000,0,0
1576190628715,0000,0000,-5,0
1576190628725,0000,0000,-3,0
1576190628731,0000,0000,-4,1
1576190628741,0000,0000,-7,1
1576190628746,0000,0000,-9,1
1576190628755,0000,0000,-17,2
1576190628765,0000,0000,-14,0
1576190628771,0000,0000,-16,1
1576190628781,0000,0000,-17,0
1576190628785,0000,0000,-20,-2
1576190628795,0000,0000,-21,-1
1576190628805,0000,0000,-19,0
1576190628811,0000,0000,-18,0
1576190628821,0000,0000,-15,0
1576190628825,0000,0000,-14,0
1576190628835,0000,0000,-11,0
1576190628847,0000,0000,-11,0
1576190628851,0000,0000,-10,-1
1576190628861,0000,0000,-10,0
1576190628867,0000,0000,-7,-2
1576190628877,0000,0000,-7,-1
1576190628887,0000,0000,-5,-1
1576190628891,0000,0000,-3,-1
1576190628901,0000,0000,-2,-1
1576190628917,0000,0000,-1,0
1576190628957,0002,0000,0,0
1576190628997,0000,0000,2,-1
1576190629007,0000,0000,4,0
1576190629013,0000,0000,5,0
1576190629023,0000,0000,6,0
1576190629027,0000,0000,6,-1
1576190629037,0000,0000,6,0
1576190629047,0000,0000,6,0
1576190629053,0000,0000,7,0
1576190629063,0000,0000,7,0
1576190629067,0000,0000,8,0
1576190629079,0000,0000,8,0
1576190629089,0000,0000,7,0
1576190629093,0000,0000,8,0
1576190629103,0000,0000,7,0
1576190629109,0000,0000,7,0
1576190629119,0000,0000,5,0
1576190629129,0000,0000,5,0
1576190629133,0000,0000,5,0
1576190629143,0000,0000,3,0
1576190629150,0000,0000,3,0
1576190629159,0000,0000,2,0
1576190629169,0000,0000,2,0
1576190629173,0000,0000,2,0
1576190629183,0000,0000,2,0
1576190629189,0000,0000,3,0
1576190629199,0000,0000,2,0
1576190629209,0000,0000,1,0
1576190629215,0000,0000,1,0
1576190629225,0000,0000,1,0
1576190629239,0000,0000,1,0
1576190629269,0000,0000,2,1
1576190629279,0000,0000,4,1
1576190629289,0000,0000,4,1
1576190629295,0000,0000,4,2
1576190629305,0000,0000,3,0
1576190629311,0000,0000,4,2
1576190629321,0000,0000,3,1
1576190629331,0000,0000,3,0
1576190629335,0000,0000,3,1
1576190629345,0000,0000,2,1
1576190629351,0000,0000,2,0
1576190629361,0000,0000,0,1
1576190629371,0000,0000,2,0
1576190629375,0000,0000,3,0
1576190629385,0000,0000,3,0
1576190629391,0000,0000,3,0
1576190629401,0000,0000,3,0
1576190629411,0000,0000,3,0
1576190629415,0000,0000,2,0
1576190629428,0000,0000,1,0
1576190629431,0000,0000,1,0
1576190629670,0000,0000,1,0
1576190629673,0000,0000,3,0
1576190629683,0000,0000,4,0
1576190629693,0000,0000,2,0
1576190629699,0000,0000,3,-1
1576190629709,0000,0000,3,0
1576190629713,0000,0000,2,0
1576190629723,0000,0000,3,0
1576190629733,0000,0000,2,-1
1576190629739,0000,0000,1,0
1576190629749,0000,0000,2,0
1576190629753,0000,0000,1,0
1576190629765,0000,0000,1,-1
1576190629775,0000,0000,1,0
1576190629779,0000,0000,1,0
1576190629941,0000,0000,-1,0
1576190629951,0000,0000,-3,0
1576190629955,0000,0000,-6,2
1576190629965,0000,0000,-6,0
1576190629975,0000,0000,-5,1
1576190629981,0000,0000,-7,1
1576190629991,0000,0000,-6,0
1576190629997,0000,0000,-5,1
1576190630007,0000,0000,-3,0
1576190630017,0000,0000,-3,0
1576190630021,0000,0000,-3,0
1576190630031,0000,0000,-2,0
1576190630038,0000,0000,-2,1
1576190630047,0000,0000,-2,0
1576190630057,0000,0000,-3,0
1576190630061,0000,0000,-3,0
1576190630071,0000,0000,-2,0
1576190630077,0000,0000,-3,0
1576190630087,0000,0000,-3,0
1576190630097,0000,0000,-3,0
1576190630101,0000,0000,-3,-1
1576190630113,0000,0000,-3,0
1576190630117,0000,0000,-2,0
1576190630127,0000,0000,-3,0
1576190630137,0000,0000,-2,0
1576190630143,0000,0000,-3,0
1576190630153,0000,0000,-3,0
1576190630157,0000,0000,-3,0
1576190630167,0000,0000,-3,-1
1576190630177,0000,0000,-2,0
1576190630183,0000,0000,-3,0
1576190630193,0000,0000,-2,0
1576190630197,0000,0000,-1,0
1576190630207,0000,0000,-1,0
1576190630217,0000,0000,-1,0
1576190630223,0000,0000,-1,0
1576190630233,0000,0000,-1,-1
1576190630239,0000,0000,-2,0
1576190630249,0000,0000,-1,0
1576190630263,0000,0000,-1,0
1576190630279,0000,0000,-1,0
1576190630345,0000,0000,-1,0
1576190630445,0001,0000,0,0
1576190630531,0002,0000,0,0
